<?xml version="1.0" encoding="UTF-8"?>
<!-- Generated by org.testng.reporters.JUnitReportReporter -->
<testsuite hostname="LTIN280248" failures="0" tests="17" name="testCase.TC_001_NewBikeTest" time="67.800" errors="0" timestamp="2024-02-27T15:21:41 IST" skipped="0">
  <testcase classname="testCase.TC_001_NewBikeTest" name="newBike" time="1.082"/>
  <testcase classname="testCase.TC_001_NewBikeTest" name="upcomingBike" time="6.740"/>
  <testcase classname="testCase.TC_001_NewBikeTest" name="manufacture_select" time="2.972"/>
  <testcase classname="testCase.TC_001_NewBikeTest" name="scrolldown" time="0.577"/>
  <testcase classname="testCase.TC_001_NewBikeTest" name="clickLoad" time="0.425"/>
  <testcase classname="testCase.TC_001_NewBikeTest" name="Details" time="3.240"/>
  <testcase classname="testCase.TC_001_NewBikeTest" name="NavigateBack" time="2.507"/>
  <testcase classname="testCase.TC_001_NewBikeTest" name="usedCars_dropdown" time="0.502"/>
  <testcase classname="testCase.TC_001_NewBikeTest" name="call_select_channai" time="41.978"/>
  <testcase classname="testCase.TC_001_NewBikeTest" name="call_popular_cars" time="0.354"/>
  <testcase classname="testCase.TC_001_NewBikeTest" name="scroll_popularcars" time="0.367"/>
  <testcase classname="testCase.TC_001_NewBikeTest" name="NavigateBackto" time="0.796"/>
  <testcase classname="testCase.TC_001_NewBikeTest" name="click_login" time="0.698"/>
  <testcase classname="testCase.TC_001_NewBikeTest" name="click_Google" time="1.001"/>
  <testcase classname="testCase.TC_001_NewBikeTest" name="Handle_Frame" time="2.655"/>
  <testcase classname="testCase.TC_001_NewBikeTest" name="Email_input" time="1.652"/>
  <testcase classname="testCase.TC_001_NewBikeTest" name="Error_Msg" time="0.254"/>
</testsuite> <!-- testCase.TC_001_NewBikeTest -->
