<?xml version="1.0" encoding="UTF-8"?>
<!-- Generated by org.testng.reporters.JUnitReportReporter -->
<testsuite hostname="LTIN280248" failures="0" tests="17" name="testCase.TC_001_NewBikeTest" time="45.183" errors="0" timestamp="2024-02-29T14:37:03 IST" skipped="0">
  <testcase classname="testCase.TC_001_NewBikeTest" name="newBike" time="2.391"/>
  <system-out/>
  <testcase classname="testCase.TC_001_NewBikeTest" name="upcomingBike" time="9.144"/>
  <system-out/>
  <testcase classname="testCase.TC_001_NewBikeTest" name="manufacture_select" time="3.040"/>
  <system-out/>
  <testcase classname="testCase.TC_001_NewBikeTest" name="scrolldown" time="1.551"/>
  <system-out/>
  <testcase classname="testCase.TC_001_NewBikeTest" name="clickLoad" time="0.915"/>
  <system-out/>
  <testcase classname="testCase.TC_001_NewBikeTest" name="Details" time="5.625"/>
  <system-out/>
  <testcase classname="testCase.TC_001_NewBikeTest" name="NavigateBack" time="3.487"/>
  <system-out/>
  <testcase classname="testCase.TC_001_NewBikeTest" name="usedCars_dropdown" time="0.847"/>
  <system-out/>
  <testcase classname="testCase.TC_001_NewBikeTest" name="call_select_channai" time="6.471"/>
  <system-out/>
  <testcase classname="testCase.TC_001_NewBikeTest" name="scroll_popularcars" time="0.686"/>
  <system-out/>
  <testcase classname="testCase.TC_001_NewBikeTest" name="call_popular_cars" time="0.614"/>
  <system-out/>
  <testcase classname="testCase.TC_001_NewBikeTest" name="NavigateBackto" time="2.006"/>
  <system-out/>
  <testcase classname="testCase.TC_001_NewBikeTest" name="click_login" time="1.099"/>
  <system-out/>
  <testcase classname="testCase.TC_001_NewBikeTest" name="click_Google" time="1.477"/>
  <system-out/>
  <testcase classname="testCase.TC_001_NewBikeTest" name="Handle_Frame" time="2.392"/>
  <system-out/>
  <testcase classname="testCase.TC_001_NewBikeTest" name="Email_input" time="2.650"/>
  <system-out/>
  <testcase classname="testCase.TC_001_NewBikeTest" name="Error_Msg" time="0.788"/>
  <system-out/>
</testsuite> <!-- testCase.TC_001_NewBikeTest -->
